[28-Jan-2021 08:28:46 UTC] PHP Parse error:  syntax error, unexpected '(' in C:\Users\vietvd\Local Sites\abc\app\public\wp-content\themes\AmazingTheme\index.php on line 5
[28-Jan-2021 08:28:46 UTC] PHP Stack trace:
[28-Jan-2021 08:28:46 UTC] PHP   1. {main}() C:\Users\vietvd\Local Sites\abc\app\public\index.php:0
[28-Jan-2021 08:28:46 UTC] PHP   2. require() C:\Users\vietvd\Local Sites\abc\app\public\index.php:17
[28-Jan-2021 08:28:46 UTC] PHP   3. require_once() C:\Users\vietvd\Local Sites\abc\app\public\wp-blog-header.php:19
[28-Jan-2021 09:51:18 UTC] PHP Warning:  get_headers() expects at least 1 parameter, 0 given in C:\Users\vietvd\Local Sites\abc\app\public\wp-content\themes\AmazingTheme\index.php on line 1
[28-Jan-2021 09:51:18 UTC] PHP Stack trace:
[28-Jan-2021 09:51:18 UTC] PHP   1. {main}() C:\Users\vietvd\Local Sites\abc\app\public\index.php:0
[28-Jan-2021 09:51:18 UTC] PHP   2. require() C:\Users\vietvd\Local Sites\abc\app\public\index.php:17
[28-Jan-2021 09:51:18 UTC] PHP   3. require_once() C:\Users\vietvd\Local Sites\abc\app\public\wp-blog-header.php:19
[28-Jan-2021 09:51:18 UTC] PHP   4. include() C:\Users\vietvd\Local Sites\abc\app\public\wp-includes\template-loader.php:106
[28-Jan-2021 09:51:18 UTC] PHP   5. get_headers() C:\Users\vietvd\Local Sites\abc\app\public\wp-content\themes\AmazingTheme\index.php:1
[29-Jan-2021 03:08:09 UTC] PHP Parse error:  syntax error, unexpected '}' in C:\Users\vietvd\Local Sites\abc\app\public\wp-content\themes\AmazingTheme\functions.php on line 4
[29-Jan-2021 03:08:09 UTC] PHP Stack trace:
[29-Jan-2021 03:08:09 UTC] PHP   1. {main}() C:\Users\vietvd\Local Sites\abc\app\public\index.php:0
[29-Jan-2021 03:08:09 UTC] PHP   2. require() C:\Users\vietvd\Local Sites\abc\app\public\index.php:17
[29-Jan-2021 03:08:09 UTC] PHP   3. require_once() C:\Users\vietvd\Local Sites\abc\app\public\wp-blog-header.php:13
[29-Jan-2021 03:08:09 UTC] PHP   4. require_once() C:\Users\vietvd\Local Sites\abc\app\public\wp-load.php:37
[29-Jan-2021 03:08:09 UTC] PHP   5. require_once() C:\Users\vietvd\Local Sites\abc\app\public\wp-config.php:77
[29-Jan-2021 03:08:12 UTC] PHP Parse error:  syntax error, unexpected '}' in C:\Users\vietvd\Local Sites\abc\app\public\wp-content\themes\AmazingTheme\functions.php on line 4
[29-Jan-2021 03:08:12 UTC] PHP Stack trace:
[29-Jan-2021 03:08:12 UTC] PHP   1. {main}() C:\Users\vietvd\Local Sites\abc\app\public\index.php:0
[29-Jan-2021 03:08:12 UTC] PHP   2. require() C:\Users\vietvd\Local Sites\abc\app\public\index.php:17
[29-Jan-2021 03:08:12 UTC] PHP   3. require_once() C:\Users\vietvd\Local Sites\abc\app\public\wp-blog-header.php:13
[29-Jan-2021 03:08:12 UTC] PHP   4. require_once() C:\Users\vietvd\Local Sites\abc\app\public\wp-load.php:37
[29-Jan-2021 03:08:12 UTC] PHP   5. require_once() C:\Users\vietvd\Local Sites\abc\app\public\wp-config.php:77
[03-Feb-2021 06:35:59 UTC] PHP Parse error:  syntax error, unexpected '}' in C:\Users\vietvd\Local Sites\abc\app\public\wp-content\themes\AmazingTheme\functions.php on line 12
[03-Feb-2021 06:35:59 UTC] PHP Stack trace:
[03-Feb-2021 06:35:59 UTC] PHP   1. {main}() C:\Users\vietvd\Local Sites\abc\app\public\index.php:0
[03-Feb-2021 06:35:59 UTC] PHP   2. require() C:\Users\vietvd\Local Sites\abc\app\public\index.php:17
[03-Feb-2021 06:35:59 UTC] PHP   3. require_once() C:\Users\vietvd\Local Sites\abc\app\public\wp-blog-header.php:13
[03-Feb-2021 06:35:59 UTC] PHP   4. require_once() C:\Users\vietvd\Local Sites\abc\app\public\wp-load.php:37
[03-Feb-2021 06:35:59 UTC] PHP   5. require_once() C:\Users\vietvd\Local Sites\abc\app\public\wp-config.php:77
[03-Feb-2021 06:36:01 UTC] PHP Parse error:  syntax error, unexpected '}' in C:\Users\vietvd\Local Sites\abc\app\public\wp-content\themes\AmazingTheme\functions.php on line 12
[03-Feb-2021 06:36:01 UTC] PHP Stack trace:
[03-Feb-2021 06:36:01 UTC] PHP   1. {main}() C:\Users\vietvd\Local Sites\abc\app\public\index.php:0
[03-Feb-2021 06:36:01 UTC] PHP   2. require() C:\Users\vietvd\Local Sites\abc\app\public\index.php:17
[03-Feb-2021 06:36:01 UTC] PHP   3. require_once() C:\Users\vietvd\Local Sites\abc\app\public\wp-blog-header.php:13
[03-Feb-2021 06:36:01 UTC] PHP   4. require_once() C:\Users\vietvd\Local Sites\abc\app\public\wp-load.php:37
[03-Feb-2021 06:36:01 UTC] PHP   5. require_once() C:\Users\vietvd\Local Sites\abc\app\public\wp-config.php:77
[03-Feb-2021 07:15:03 UTC] PHP Warning:  Missing argument 1 for wp_get_post_parent_id(), called in C:\Users\vietvd\Local Sites\abc\app\public\wp-content\themes\AmazingTheme\page.php on line 17 and defined in C:\Users\vietvd\Local Sites\abc\app\public\wp-includes\post.php on line 7204
[03-Feb-2021 07:15:03 UTC] PHP Stack trace:
[03-Feb-2021 07:15:03 UTC] PHP   1. {main}() C:\Users\vietvd\Local Sites\abc\app\public\index.php:0
[03-Feb-2021 07:15:03 UTC] PHP   2. require() C:\Users\vietvd\Local Sites\abc\app\public\index.php:17
[03-Feb-2021 07:15:03 UTC] PHP   3. require_once() C:\Users\vietvd\Local Sites\abc\app\public\wp-blog-header.php:19
[03-Feb-2021 07:15:03 UTC] PHP   4. include() C:\Users\vietvd\Local Sites\abc\app\public\wp-includes\template-loader.php:106
[03-Feb-2021 07:15:03 UTC] PHP   5. wp_get_post_parent_id() C:\Users\vietvd\Local Sites\abc\app\public\wp-content\themes\AmazingTheme\page.php:17
[03-Feb-2021 07:15:20 UTC] PHP Warning:  Missing argument 1 for wp_get_post_parent_id(), called in C:\Users\vietvd\Local Sites\abc\app\public\wp-content\themes\AmazingTheme\page.php on line 17 and defined in C:\Users\vietvd\Local Sites\abc\app\public\wp-includes\post.php on line 7204
[03-Feb-2021 07:15:20 UTC] PHP Stack trace:
[03-Feb-2021 07:15:20 UTC] PHP   1. {main}() C:\Users\vietvd\Local Sites\abc\app\public\index.php:0
[03-Feb-2021 07:15:20 UTC] PHP   2. require() C:\Users\vietvd\Local Sites\abc\app\public\index.php:17
[03-Feb-2021 07:15:20 UTC] PHP   3. require_once() C:\Users\vietvd\Local Sites\abc\app\public\wp-blog-header.php:19
[03-Feb-2021 07:15:20 UTC] PHP   4. include() C:\Users\vietvd\Local Sites\abc\app\public\wp-includes\template-loader.php:106
[03-Feb-2021 07:15:20 UTC] PHP   5. wp_get_post_parent_id() C:\Users\vietvd\Local Sites\abc\app\public\wp-content\themes\AmazingTheme\page.php:17
[03-Feb-2021 07:25:51 UTC] PHP Parse error:  syntax error, unexpected 'echo' (T_ECHO) in C:\Users\vietvd\Local Sites\abc\app\public\wp-content\themes\AmazingTheme\page.php on line 17
[03-Feb-2021 07:25:51 UTC] PHP Stack trace:
[03-Feb-2021 07:25:51 UTC] PHP   1. {main}() C:\Users\vietvd\Local Sites\abc\app\public\index.php:0
[03-Feb-2021 07:25:51 UTC] PHP   2. require() C:\Users\vietvd\Local Sites\abc\app\public\index.php:17
[03-Feb-2021 07:25:51 UTC] PHP   3. require_once() C:\Users\vietvd\Local Sites\abc\app\public\wp-blog-header.php:19
[04-Feb-2021 08:19:21 UTC] PHP Parse error:  syntax error, unexpected '}', expecting ',' or ';' in C:\Users\vietvd\Local Sites\abc\app\public\wp-content\themes\AmazingTheme\header.php on line 21
[04-Feb-2021 08:19:21 UTC] PHP Stack trace:
[04-Feb-2021 08:19:21 UTC] PHP   1. {main}() C:\Users\vietvd\Local Sites\abc\app\public\index.php:0
[04-Feb-2021 08:19:21 UTC] PHP   2. require() C:\Users\vietvd\Local Sites\abc\app\public\index.php:17
[04-Feb-2021 08:19:21 UTC] PHP   3. require_once() C:\Users\vietvd\Local Sites\abc\app\public\wp-blog-header.php:19
[04-Feb-2021 08:19:21 UTC] PHP   4. include() C:\Users\vietvd\Local Sites\abc\app\public\wp-includes\template-loader.php:106
[04-Feb-2021 08:19:21 UTC] PHP   5. get_header() C:\Users\vietvd\Local Sites\abc\app\public\wp-content\themes\AmazingTheme\index.php:1
[04-Feb-2021 08:19:21 UTC] PHP   6. locate_template() C:\Users\vietvd\Local Sites\abc\app\public\wp-includes\general-template.php:48
[04-Feb-2021 08:19:21 UTC] PHP   7. load_template() C:\Users\vietvd\Local Sites\abc\app\public\wp-includes\template.php:676
[05-Feb-2021 01:40:59 UTC] PHP Parse error:  syntax error, unexpected '<' in C:\Users\vietvd\Local Sites\abc\app\public\wp-content\themes\AmazingTheme\index.php on line 37
[05-Feb-2021 01:40:59 UTC] PHP Stack trace:
[05-Feb-2021 01:40:59 UTC] PHP   1. {main}() C:\Users\vietvd\Local Sites\abc\app\public\index.php:0
[05-Feb-2021 01:40:59 UTC] PHP   2. require() C:\Users\vietvd\Local Sites\abc\app\public\index.php:17
[05-Feb-2021 01:40:59 UTC] PHP   3. require_once() C:\Users\vietvd\Local Sites\abc\app\public\wp-blog-header.php:19
[05-Feb-2021 02:42:27 UTC] PHP Parse error:  syntax error, unexpected end of file in C:\Users\vietvd\Local Sites\abc\app\public\wp-content\themes\AmazingTheme\single.php on line 73
[05-Feb-2021 02:42:27 UTC] PHP Stack trace:
[05-Feb-2021 02:42:27 UTC] PHP   1. {main}() C:\Users\vietvd\Local Sites\abc\app\public\index.php:0
[05-Feb-2021 02:42:27 UTC] PHP   2. require() C:\Users\vietvd\Local Sites\abc\app\public\index.php:17
[05-Feb-2021 02:42:27 UTC] PHP   3. require_once() C:\Users\vietvd\Local Sites\abc\app\public\wp-blog-header.php:19
